<?xml version="1.0" encoding="UTF-8"?>
<testsuite xmlns:xsi="http://www.w3.org/2001/XMLSchema-instance" xsi:noNamespaceSchemaLocation="https://maven.apache.org/surefire/maven-surefire-plugin/xsd/surefire-test-report.xsd" name="flowerstore.FlowerBucketTest" time="0.029" tests="2" errors="0" skipped="0" failures="0">
  <properties>
[...]
</properties>
  <testcase name="addPack" classname="flowerstore.FlowerBucketTest" time="0.022"/>
  <testcase name="getPrice" classname="flowerstore.FlowerBucketTest" time="0.002"/>
</testsuite>